Arguments: 
  /usr/local/Cellar/nvm/0.35.2/versions/node/v8.16.0/bin/node /usr/local/bin/yarn install

PATH: 
  /usr/local/opt/nvm/versions/node/v8.16.0/bin:/usr/local/opt/php@7.1/sbin:/usr/local/opt/php@7.1/bin:~/.composer/vendor/bin:/usr/local/opt/mysql@5.7/bin:/opt/local/bin:/opt/local/sbin:/usr/local/opt/node@6/bin:/usr/local/bin:/usr/bin:/bin:/usr/sbin:/sbin

Yarn version: 
  1.13.0

Node version: 
  8.16.0

Platform: 
  darwin x64

Trace: 
  SyntaxError: /Users/mukesh.thankar/Desktop/Muk/craft/package.json: Unexpected token } in JSON at position 2827
      at JSON.parse (<anonymous>)
      at /usr/local/lib/node_modules/yarn/lib/cli.js:1625:59
      at Generator.next (<anonymous>)
      at step (/usr/local/lib/node_modules/yarn/lib/cli.js:304:30)
      at /usr/local/lib/node_modules/yarn/lib/cli.js:315:13
      at <anonymous>

npm manifest: 
  {
    "name": "craft",
    "version": "0.0.1",
    "description": "Covid19 Dashboard",
    "main": "webpack.config.js",
    "engines": {
      "node": "8.16.0"
    },
    "scripts": {
      "start": "cross-env NODE_ENV=development webpack-dev-server --open",
      "build": "cross-env NODE_ENV=production webpack",
      "start1": "./node_modules/.bin/webpack-dev-server --open --config webpack.dev.js",
      "build1": "./node_modules/.bin/webpack --config webpack.prod.js",
      "postinstall": "rm -rf node_modules/react-styleguidist/node_modules/html-webpack-plugin/"
    },
    "dependencies": {
      "axios": "^0.19.2",
      "babel-plugin-add-module-exports": "^1.0.2",
      "babel-plugin-react-html-attrs": "^3.0.4",
      "babel-plugin-transform-class-properties": "^6.3.13",
      "babel-plugin-transform-decorators-legacy": "^1.3.4",
      "babel-preset-react": "^6.3.13",
      "babel-preset-stage-0": "^6.3.13",
      "clean-webpack-plugin": "^3.0.0",
      "compression-webpack-plugin": "^3.1.0",
      "connect-history-api-fallback": "^1.6.0",
      "gsap": "^3.2.6",
      "install": "^0.13.0",
      "jquery": "^3.2.1",
      "node-restful": "^0.2.6",
      "npm": "^6.14.5",
      "prop-types": "^15.7.2",
      "react": "^16.13.1",
      "react-dom": "^16.13.1",
      "react-motion": "^0.5.2",
      "react-prop-types": "^0.4.0",
      "react-redux": "^7.2.0",
      "react-router-dom": "^5.1.2",
      "react-router-redux": "^4.0.8",
      "redux": "^4.0.5",
      "redux-form": "^8.3.5",
      "redux-logger": "^3.0.6",
      "redux-promise-middleware": "^6.1.2",
      "redux-thunk": "^2.2.0",
      "redux-wpapi": "^1.3.4",
      "slider-pro": "^1.3.0",
      "webpack": "^4.43.0",
      "webpack-dev-server": "^3.11.0",
      "webpack-merge": "^4.1.1",
      "webpack-visualizer-plugin": "^0.1.11",
      "wpapi": "^1.1.2"
    },
    "devDependencies": {
      "babel-cli": "^6.24.1",
      "babel-core": "^6.26.0",
      "babel-loader": "^7.1.4",
      "babel-preset-env": "^1.6.1",
      "babel-preset-es2015": "^6.24.1",
      "cross-env": "5.2.0",
      "css-loader": "^0.28.4",
      "datatables.net": "^1.10.15",
      "extract-text-webpack-plugin": "^4.0.0-beta.0",
      "file-loader": "^1.1.5",
      "html-loader": "^0.4.5",
      "html-webpack-plugin": "^4.3.0",
      "jquery": "^3.2.1",
      "mutationobserver-shim": "^0.3.2",
      "node-sass": "4.14.1",
      "nodemon": "^1.11.0",
      "raf": "^3.3.0",
      "resolve-url-loader": "^3.1.1",
      "sass-loader": "8.0.2",
      "style-loader": "1.2.1",
      "uglifyjs-webpack-plugin": "^2.2.0",
      "webpack-cli": "^3.3.11",
  
      "eslint": "6.8.0",
      "eslint-config-airbnb": "18.1.0",
      "eslint-config-prettier": "6.11.0",
      "eslint-loader": "3.0.4",
      "eslint-plugin-import": "2.20.2",
      "eslint-plugin-jest": "23.10.0",
      "eslint-plugin-jsx-a11y": "6.2.3",
      "eslint-plugin-prettier": "3.1.3",
      "eslint-plugin-react": "7.19.0",
      "eslint-watch": "6.0.1",
    },
    "proxy": "http://localhost:8080",
    "author": "",
    "license": "ISC"
  }

yarn manifest: 
  No manifest

Lockfile: 
  No lockfile
